[debug] [2019-10-06T15:55:36.891Z] ----------------------------------------------------------------------
[debug] [2019-10-06T15:55:36.900Z] Command:       C:\Program Files\nodejs\node.exe C:\Users\natha\AppData\Roaming\npm\node_modules\firebase-tools\lib\bin\firebase.js serve
[debug] [2019-10-06T15:55:36.901Z] CLI Version:   7.4.0
[debug] [2019-10-06T15:55:36.901Z] Platform:      win32
[debug] [2019-10-06T15:55:36.901Z] Node Version:  v10.16.1
[debug] [2019-10-06T15:55:36.902Z] Time:          Sun Oct 06 2019 12:55:36 GMT-0300 (GMT-03:00)
[debug] [2019-10-06T15:55:36.902Z] ----------------------------------------------------------------------
[debug] 
[debug] [2019-10-06T15:55:36.918Z] > command requires scopes: ["email","openid","https://www.googleapis.com/auth/cloudplatformprojects.readonly","https://www.googleapis.com/auth/firebase","https://www.googleapis.com/auth/cloud-platform"]
[debug] [2019-10-06T15:55:36.919Z] > authorizing via signed-in user
[debug] [2019-10-06T15:55:36.919Z] [iam] checking project hope-fcbaf for permissions ["firebase.projects.get"]
[debug] [2019-10-06T15:55:36.924Z] >>> HTTP REQUEST POST https://cloudresourcemanager.googleapis.com/v1/projects/hope-fcbaf:testIamPermissions  

[debug] [2019-10-06T15:55:38.207Z] <<< HTTP RESPONSE 200
[debug] [2019-10-06T15:55:38.210Z] >>> HTTP REQUEST GET https://firebase.googleapis.com/v1beta1/projects/hope-fcbaf  
 
[debug] [2019-10-06T15:55:39.586Z] <<< HTTP RESPONSE 200
[info] 
[info] === Serving from 'C:\Users\natha\Desktop\clone repository\autent_firebase_hope'...
[info] 
[warn] !  Your requested "node" version "8" doesn't match your global version "10"
[info] +  functions: Emulator started at http://localhost:5000
[info] i  functions: Watching "C:\Users\natha\Desktop\clone repository\autent_firebase_hope\functions" for Cloud Functions...
[debug] [2019-10-06T15:55:40.869Z] [runtime-status] Functions runtime initialized. {"cwd":"C:\\Users\\natha\\Desktop\\clone repository\\autent_firebase_hope\\functions","node_version":"10.16.1"}
[debug] [2019-10-06T15:55:40.869Z] [runtime-status] Disabled runtime features: {"functions_config_helper":true,"network_filtering":true,"timeout":true,"memory_limiting":true,"admin_stubs":true} {}
[debug] [2019-10-06T15:55:40.874Z] [runtime-status] Resolved module firebase-admin {"declared":true,"installed":true,"version":"8.6.0","resolution":"C:\\Users\\natha\\Desktop\\clone repository\\autent_firebase_hope\\functions\\node_modules\\firebase-admin\\lib\\index.js"}
[debug] [2019-10-06T15:55:40.878Z] [runtime-status] Resolved module firebase-functions {"declared":true,"installed":true,"version":"3.2.0","resolution":"C:\\Users\\natha\\Desktop\\clone repository\\autent_firebase_hope\\functions\\node_modules\\firebase-functions\\lib\\index.js"}
[debug] [2019-10-06T15:55:40.881Z] [runtime-status] Resolved module firebase-functions {"declared":true,"installed":true,"version":"3.2.0","resolution":"C:\\Users\\natha\\Desktop\\clone repository\\autent_firebase_hope\\functions\\node_modules\\firebase-functions\\lib\\index.js"}
